# JRE version: OpenJDK Runtime Environment (18.0.1+10) (build 18.0.1+10-24)
# Java VM: OpenJDK 64-Bit Server VM (18.0.1+10-24, mixed mode, sharing, tiered, compressed oops, compressed class ptrs, g1 gc, windows-amd64)
GC Precious Log:
 CardTable entry size: 512
 Card Set container configuration: InlinePtr #cards 4 size 8 Array Of Cards #cards 16 size 48 Howl #buckets 8 coarsen threshold 3686 Howl Bitmap #cards 512 size 80 coarsen threshold 460 Card regions per heap region 1 cards per card region 4096
 CPUs: 8 total, 8 available
 Memory: 14269M
 Large Page Support: Disabled
 NUMA Support: Disabled
 Compressed Oops: Enabled (Zero based)
 Heap Region Size: 2M
 Heap Min Capacity: 8M
 Heap Initial Capacity: 224M
 Heap Max Capacity: 3568M
 Pre-touch: Disabled
 Parallel Workers: 8
 Concurrent Workers: 2
 Concurrent Refinement Workers: 8
 Periodic GC: Disabled
Heap:
 garbage-first heap   total 55296K, used 33457K [0x0000000721000000, 0x0000000800000000)
  region size 2048K, 11 young (22528K), 2 survivors (4096K)
 Metaspace       used 33006K, committed 33408K, reserved 1114112K
  class space    used 4161K, committed 4352K, reserved 1048576K
GC Heap History (12 events):
Event: 5.431 GC heap before
{Heap before GC invocations=0 (full 0):
 garbage-first heap   total 229376K, used 20480K [0x0000000721000000, 0x0000000800000000)
  region size 2048K, 11 young (22528K), 0 survivors (0K)
 Metaspace       used 5971K, committed 6080K, reserved 1114112K
  class space    used 669K, committed 704K, reserved 1048576K
}
Event: 5.442 GC heap after
{Heap after GC invocations=1 (full 0):
 garbage-first heap   total 229376K, used 7064K [0x0000000721000000, 0x0000000800000000)
  region size 2048K, 2 young (4096K), 2 survivors (4096K)
 Metaspace       used 5971K, committed 6080K, reserved 1114112K
  class space    used 669K, committed 704K, reserved 1048576K
}
Event: 7.069 GC heap before
{Heap before GC invocations=1 (full 0):
 garbage-first heap   total 229376K, used 29592K [0x0000000721000000, 0x0000000800000000)
  region size 2048K, 14 young (28672K), 2 survivors (4096K)
 Metaspace       used 12643K, committed 12928K, reserved 1114112K
  class space    used 1488K, committed 1600K, reserved 1048576K
}
Event: 7.080 GC heap after
{Heap after GC invocations=2 (full 0):
 garbage-first heap   total 229376K, used 8536K [0x0000000721000000, 0x0000000800000000)
  region size 2048K, 1 young (2048K), 1 survivors (2048K)
 Metaspace       used 12643K, committed 12928K, reserved 1114112K
  class space    used 1488K, committed 1600K, reserved 1048576K
}
Event: 11.076 GC heap before
{Heap before GC invocations=2 (full 0):
 garbage-first heap   total 229376K, used 61784K [0x0000000721000000, 0x0000000800000000)
  region size 2048K, 28 young (57344K), 1 survivors (2048K)
 Metaspace       used 21260K, committed 21504K, reserved 1114112K
  class space    used 2577K, committed 2688K, reserved 1048576K
}
Event: 11.090 GC heap after
{Heap after GC invocations=3 (full 0):
 garbage-first heap   total 229376K, used 12004K [0x0000000721000000, 0x0000000800000000)
  region size 2048K, 3 young (6144K), 3 survivors (6144K)
 Metaspace       used 21260K, committed 21504K, reserved 1114112K
  class space    used 2577K, committed 2688K, reserved 1048576K
}
Event: 13.983 GC heap before
{Heap before GC invocations=4 (full 0):
 garbage-first heap   total 55296K, used 38628K [0x0000000721000000, 0x0000000800000000)
  region size 2048K, 16 young (32768K), 3 survivors (6144K)
 Metaspace       used 27144K, committed 27456K, reserved 1114112K
  class space    used 3372K, committed 3520K, reserved 1048576K
}
Event: 14.003 GC heap after
{Heap after GC invocations=5 (full 0):
 garbage-first heap   total 55296K, used 15157K [0x0000000721000000, 0x0000000800000000)
  region size 2048K, 2 young (4096K), 2 survivors (4096K)
 Metaspace       used 27144K, committed 27456K, reserved 1114112K
  class space    used 3372K, committed 3520K, reserved 1048576K
}
Event: 14.129 GC heap before
{Heap before GC invocations=5 (full 0):
 garbage-first heap   total 55296K, used 17205K [0x0000000721000000, 0x0000000800000000)
  region size 2048K, 3 young (6144K), 2 survivors (4096K)
 Metaspace       used 27503K, committed 27840K, reserved 1114112K
  class space    used 3421K, committed 3584K, reserved 1048576K
}
Event: 14.138 GC heap after
{Heap after GC invocations=6 (full 0):
 garbage-first heap   total 55296K, used 15524K [0x0000000721000000, 0x0000000800000000)
  region size 2048K, 1 young (2048K), 1 survivors (2048K)
 Metaspace       used 27503K, committed 27840K, reserved 1114112K
  class space    used 3421K, committed 3584K, reserved 1048576K
}
Event: 15.591 GC heap before
{Heap before GC invocations=6 (full 0):
 garbage-first heap   total 55296K, used 31908K [0x0000000721000000, 0x0000000800000000)
  region size 2048K, 10 young (20480K), 1 survivors (2048K)
 Metaspace       used 30199K, committed 30592K, reserved 1114112K
  class space    used 3782K, committed 3968K, reserved 1048576K
}
Event: 15.598 GC heap after
{Heap after GC invocations=7 (full 0):
 garbage-first heap   total 55296K, used 17073K [0x0000000721000000, 0x0000000800000000)
  region size 2048K, 2 young (4096K), 2 survivors (4096K)
 Metaspace       used 30199K, committed 30592K, reserved 1114112K
  class space    used 3782K, committed 3968K, reserved 1048576K
}

